  universal.cpp
  title.cpp
  timer.cpp
  texture.cpp
  sound.cpp
  skybox.cpp
  shadow.cpp
  score.cpp
  scene.cpp
  renderer.cpp
  ranking.cpp
  rader.cpp
  player.cpp
  pause.cpp
  parts.cpp
  particle.cpp
  orbit.cpp
  objectX.cpp
  object3D.cpp
  object2D.cpp
  コードを生成中...
  コンパイル中...
  object.cpp
  number.cpp
  motion.cpp
  model.cpp
  missile.cpp
  meshwall.cpp
  meshfield.cpp
  meshcylinder.cpp
  manager.cpp
  main.cpp
  lockon.cpp
  light.cpp
  item.cpp
  inputmouse.cpp
  inputkeyboard.cpp
  inputjoypad.cpp
  input.cpp
  game.cpp
  field.cpp
  fade.cpp
  コードを生成中...
  コンパイル中...
  explosionspawner.cpp
  explosion.cpp
  enemytank.cpp
  enemymove.cpp
  enemy.cpp
  effect3D.cpp
c:\users\student\documents\visual studio 2015\projects\09_master\effect3d.cpp(200): warning C4244: '引数': 'int' から 'FLOAT' への変換です。データが失われる可能性があります。
  effect2D.cpp
  edit.cpp
  dustmanager.cpp
  dust.cpp
  defend.cpp
  debugproc.cpp
  debrisspawner.cpp
  debris.cpp
  collision.cpp
  cockpit.cpp
  camera.cpp
  bullet.cpp
  boost.cpp
  bonus.cpp
  コードを生成中...
  コンパイル中...
  block.cpp
  billboard.cpp
  bgmulti.cpp
  bg.cpp
  assess.cpp
  arrow.cpp
  animation2D.cpp
  コードを生成中...
  09_master.vcxproj -> C:\Users\student\Documents\Visual Studio 2015\Projects\09_master\Debug\09_master.exe
  09_master.vcxproj -> C:\Users\student\Documents\Visual Studio 2015\Projects\09_master\Debug\09_master.pdb (Full PDB)
